<?xml version="1.0" encoding="UTF-8"?>
<!-- Generated by org.testng.reporters.JUnitReportReporter -->
<testsuite skipped="0" hostname="DESKTOP-1CA8BHN" name="org.testng.testcases.TestScripts" tests="1" failures="0" timestamp="17 Jan 2021 11:13:21 GMT" time="2.477" errors="0">
  <testcase name="testScripts" time="2.477" classname="org.testng.testcases.TestScripts"/>
</testsuite> <!-- org.testng.testcases.TestScripts -->
